<?xml version="1.0" encoding="UTF-8"?>
<testng-results ignored="0" total="2" passed="2" failed="0" skipped="0">
  <reporter-output>
  </reporter-output>
  <suite started-at="2023-01-24T13:08:52 IST" name="Suite" finished-at="2023-01-24T13:09:03 IST" duration-ms="11178">
    <groups>
    </groups>
    <test started-at="2023-01-24T13:08:52 IST" name="Test2" finished-at="2023-01-24T13:08:59 IST" duration-ms="7486">
      <class name="TestNG.Multibrowser">
        <test-method signature="TC(java.lang.String)[pri:0, instance:TestNG.Multibrowser@82de64a]" started-at="2023-01-24T13:08:52 IST" name="TC" finished-at="2023-01-24T13:08:59 IST" duration-ms="7454" status="PASS">
          <params>
            <param index="0">
              <value>
                <![CDATA[FireFox]]>
              </value>
            </param>
          </params>
          <reporter-output>
          </reporter-output>
        </test-method> <!-- TC -->
      </class> <!-- TestNG.Multibrowser -->
    </test> <!-- Test2 -->
    <test started-at="2023-01-24T13:08:52 IST" name="Test1" finished-at="2023-01-24T13:09:03 IST" duration-ms="11178">
      <class name="TestNG.Multibrowser">
        <test-method signature="TC(java.lang.String)[pri:0, instance:TestNG.Multibrowser@73e22a3d]" started-at="2023-01-24T13:08:52 IST" name="TC" finished-at="2023-01-24T13:09:03 IST" duration-ms="11150" status="PASS">
          <params>
            <param index="0">
              <value>
                <![CDATA[Chrome]]>
              </value>
            </param>
          </params>
          <reporter-output>
          </reporter-output>
        </test-method> <!-- TC -->
      </class> <!-- TestNG.Multibrowser -->
    </test> <!-- Test1 -->
  </suite> <!-- Suite -->
</testng-results>
